---------- Date: 2015-04-19 11:20:23 ~ IP : 127.0.0.1 ----------
REQUEST URI : /vitalart/
VQMod::_parseMods - DOM UNABLE TO LOAD: /var/www/vitalart/vqmod/xml/test.xml
----------------------------------------------------------------------


---------- Date: 2015-04-19 11:28:45 ~ IP : 127.0.0.1 ----------
REQUEST URI : /vitalart/checkout/cart
VQMod::_parseMods - DOM UNABLE TO LOAD: /var/www/vitalart/vqmod/xml/test.xml
----------------------------------------------------------------------


---------- Date: 2015-04-19 11:33:01 ~ IP : 127.0.0.1 ----------
REQUEST URI : /vitalart/checkout/checkout
VQMod::_parseMods - DOM UNABLE TO LOAD: /var/www/vitalart/vqmod/xml/test.xml
----------------------------------------------------------------------


---------- Date: 2015-04-19 12:13:15 ~ IP : 127.0.0.1 ----------
REQUEST URI : /vitalart/checkout/checkout
VQMod::_parseMods - DOM UNABLE TO LOAD: /var/www/vitalart/vqmod/xml/test.xml
----------------------------------------------------------------------


---------- Date: 2015-04-19 17:22:53 ~ IP : 127.0.0.1 ----------
REQUEST URI : /vitalart/product/product
VQMod::_parseMods - DOM UNABLE TO LOAD: /var/www/vitalart/vqmod/xml/test.xml
----------------------------------------------------------------------


---------- Date: 2015-04-19 17:31:04 ~ IP : 127.0.0.1 ----------
REQUEST URI : /vitalart/oil
VQMod::_parseMods - DOM UNABLE TO LOAD: /var/www/vitalart/vqmod/xml/test.xml
----------------------------------------------------------------------


